d:\winter 2020\game 404 - graphics ii\week_2\lab1\sdlbaseproject\sdlgame\debug\vc141.pdb
d:\winter 2020\game 404 - graphics ii\week_2\lab1\sdlbaseproject\sdlgame\debug\vc141.idb
d:\winter 2020\game 404 - graphics ii\week_2\lab1\sdlbaseproject\sdlgame\debug\utils.obj
d:\winter 2020\game 404 - graphics ii\week_2\lab1\sdlbaseproject\sdlgame\debug\shadermanager.obj
d:\winter 2020\game 404 - graphics ii\week_2\lab1\sdlbaseproject\sdlgame\debug\wall.obj
d:\winter 2020\game 404 - graphics ii\week_2\lab1\sdlbaseproject\sdlgame\debug\pumpkin.obj
d:\winter 2020\game 404 - graphics ii\week_2\lab1\sdlbaseproject\sdlgame\debug\plane.obj
d:\winter 2020\game 404 - graphics ii\week_2\lab1\sdlbaseproject\sdlgame\debug\objmodel.obj
d:\winter 2020\game 404 - graphics ii\week_2\lab1\sdlbaseproject\sdlgame\debug\gameobject3d.obj
d:\winter 2020\game 404 - graphics ii\week_2\lab1\sdlbaseproject\sdlgame\debug\gameobject2d.obj
d:\winter 2020\game 404 - graphics ii\week_2\lab1\sdlbaseproject\sdlgame\debug\cube.obj
d:\winter 2020\game 404 - graphics ii\week_2\lab1\sdlbaseproject\sdlgame\debug\main.obj
d:\winter 2020\game 404 - graphics ii\week_2\lab1\sdlbaseproject\sdlgame\debug\lightmanager.obj
d:\winter 2020\game 404 - graphics ii\week_2\lab1\sdlbaseproject\sdlgame\debug\gameplaymanager.obj
d:\winter 2020\game 404 - graphics ii\week_2\lab1\sdlbaseproject\sdlgame\debug\eventhandler.obj
d:\winter 2020\game 404 - graphics ii\week_2\lab1\sdlbaseproject\sdlgame\debug\cameramanager.obj
d:\winter 2020\game 404 - graphics ii\week_2\lab1\sdlbaseproject\debug\sdlgame.pdb
d:\winter 2020\game 404 - graphics ii\week_2\lab1\sdlbaseproject\sdlgame\debug\sdlgame.tlog\cl.command.1.tlog
d:\winter 2020\game 404 - graphics ii\week_2\lab1\sdlbaseproject\sdlgame\debug\sdlgame.tlog\cl.read.1.tlog
d:\winter 2020\game 404 - graphics ii\week_2\lab1\sdlbaseproject\sdlgame\debug\sdlgame.tlog\cl.write.1.tlog
d:\winter 2020\game 404 - graphics ii\week_2\lab1\sdlbaseproject\sdlgame\debug\sdlgame.tlog\link-cvtres.read.1.tlog
d:\winter 2020\game 404 - graphics ii\week_2\lab1\sdlbaseproject\sdlgame\debug\sdlgame.tlog\link-cvtres.write.1.tlog
d:\winter 2020\game 404 - graphics ii\week_2\lab1\sdlbaseproject\sdlgame\debug\sdlgame.tlog\link-rc.read.1.tlog
d:\winter 2020\game 404 - graphics ii\week_2\lab1\sdlbaseproject\sdlgame\debug\sdlgame.tlog\link-rc.write.1.tlog
d:\winter 2020\game 404 - graphics ii\week_2\lab1\sdlbaseproject\sdlgame\debug\sdlgame.tlog\link.command.1.tlog
d:\winter 2020\game 404 - graphics ii\week_2\lab1\sdlbaseproject\sdlgame\debug\sdlgame.tlog\link.read.1.tlog
d:\winter 2020\game 404 - graphics ii\week_2\lab1\sdlbaseproject\sdlgame\debug\sdlgame.tlog\link.write.1.tlog
